<?xml version="1.0" encoding="UTF-8"?>
<testng-results skipped="0" failed="0" ignored="0" total="1" passed="1">
  <reporter-output>
  </reporter-output>
  <suite name="Suite" duration-ms="32" started-at="2021-03-23T13:17:42Z" finished-at="2021-03-23T13:17:42Z">
    <groups>
    </groups>
    <test name="Test" duration-ms="32" started-at="2021-03-23T13:17:42Z" finished-at="2021-03-23T13:17:42Z">
      <class name="tests.AntClass">
        <test-method status="PASS" signature="Test1()[pri:0, instance:tests.AntClass@20e2cbe0]" name="Test1" duration-ms="14" started-at="2021-03-23T13:17:42Z" finished-at="2021-03-23T13:17:42Z">
          <reporter-output>
          </reporter-output>
        </test-method> <!-- Test1 -->
      </class> <!-- tests.AntClass -->
    </test> <!-- Test -->
  </suite> <!-- Suite -->
</testng-results>
