<?xml version="1.0" encoding="UTF-8"?>
<testng-results skipped="0" failed="1" ignored="0" total="4" passed="3">
  <reporter-output>
  </reporter-output>
  <suite name="Suite" duration-ms="11225" started-at="2021-03-15T14:01:11 UTC" finished-at="2021-03-15T14:01:22 UTC">
    <groups>
      <group name="Chrome">
        <method signature="ParallelTests.LaunchChrome()[pri:0, instance:com.parallel.ParallelTests@35d176f7]" name="LaunchChrome" class="com.parallel.ParallelTests"/>
        <method signature="ParallelTests.TryFacebook1()[pri:0, instance:com.parallel.ParallelTests@35d176f7]" name="TryFacebook1" class="com.parallel.ParallelTests"/>
      </group> <!-- Chrome -->
      <group name="Firefox">
        <method signature="ParallelTests.LaunchFirefox()[pri:0, instance:com.parallel.ParallelTests@35d176f7]" name="LaunchFirefox" class="com.parallel.ParallelTests"/>
        <method signature="ParallelTests.TryFacebook2()[pri:0, instance:com.parallel.ParallelTests@35d176f7]" name="TryFacebook2" class="com.parallel.ParallelTests"/>
      </group> <!-- Firefox -->
    </groups>
    <test name="Test" duration-ms="11225" started-at="2021-03-15T14:01:11 UTC" finished-at="2021-03-15T14:01:22 UTC">
      <class name="com.parallel.ParallelTests">
        <test-method status="PASS" signature="LaunchChrome()[pri:0, instance:com.parallel.ParallelTests@35d176f7]" name="LaunchChrome" duration-ms="5749" started-at="2021-03-15T14:01:11 UTC" finished-at="2021-03-15T14:01:17 UTC">
          <reporter-output>
          </reporter-output>
        </test-method> <!-- LaunchChrome -->
        <test-method status="PASS" signature="LaunchFirefox()[pri:0, instance:com.parallel.ParallelTests@35d176f7]" name="LaunchFirefox" duration-ms="9351" started-at="2021-03-15T14:01:11 UTC" finished-at="2021-03-15T14:01:20 UTC">
          <reporter-output>
          </reporter-output>
        </test-method> <!-- LaunchFirefox -->
        <test-method status="PASS" signature="TryFacebook1()[pri:0, instance:com.parallel.ParallelTests@35d176f7]" name="TryFacebook1" duration-ms="5348" started-at="2021-03-15T14:01:17 UTC" depends-on-methods="com.parallel.ParallelTests.LaunchChrome" finished-at="2021-03-15T14:01:22 UTC">
          <reporter-output>
          </reporter-output>
        </test-method> <!-- TryFacebook1 -->
        <test-method status="FAIL" signature="TryFacebook2()[pri:0, instance:com.parallel.ParallelTests@35d176f7]" name="TryFacebook2" duration-ms="1830" started-at="2021-03-15T14:01:20 UTC" depends-on-methods="com.parallel.ParallelTests.LaunchFirefox" finished-at="2021-03-15T14:01:22 UTC">
          <exception class="org.openqa.selenium.ElementNotInteractableException">
            <message>
              <![CDATA[Element <input id="pass" class="inputtext _55r1 _6luy _9npi" name="pass" type="password"> is not reachable by keyboard
Build info: version: '3.141.59', revision: 'e82be7d358', time: '2018-11-14T08:25:48'
System info: host: 'ip-172-31-31-91', ip: '172.31.31.91', os.name: 'Linux', os.arch: 'amd64', os.version: '4.4.0-1113-aws', java.version: '1.8.0_265'
Driver info: org.openqa.selenium.firefox.FirefoxDriver
Capabilities {acceptInsecureCerts: true, browserName: firefox, browserVersion: 86.0, javascriptEnabled: true, moz:accessibilityChecks: false, moz:buildID: 20210222142601, moz:geckodriverVersion: 0.29.0, moz:headless: false, moz:processID: 3115, moz:profile: /tmp/rust_mozprofile0X3mRx, moz:shutdownTimeout: 60000, moz:useNonSpecCompliantPointerOrigin: false, moz:webdriverClick: true, pageLoadStrategy: normal, platform: LINUX, platformName: LINUX, platformVersion: 4.4.0-1113-aws, rotatable: false, setWindowRect: true, strictFileInteractability: false, timeouts: {implicit: 0, pageLoad: 300000, script: 30000}, unhandledPromptBehavior: dismiss and notify}
Session ID: 9cd3bd24-0d09-4e19-afef-606999f52d52]]>
            </message>
            <full-stacktrace>
              <![CDATA[org.openqa.selenium.ElementNotInteractableException: Element <input id="pass" class="inputtext _55r1 _6luy _9npi" name="pass" type="password"> is not reachable by keyboard
Build info: version: '3.141.59', revision: 'e82be7d358', time: '2018-11-14T08:25:48'
System info: host: 'ip-172-31-31-91', ip: '172.31.31.91', os.name: 'Linux', os.arch: 'amd64', os.version: '4.4.0-1113-aws', java.version: '1.8.0_265'
Driver info: org.openqa.selenium.firefox.FirefoxDriver
Capabilities {acceptInsecureCerts: true, browserName: firefox, browserVersion: 86.0, javascriptEnabled: true, moz:accessibilityChecks: false, moz:buildID: 20210222142601, moz:geckodriverVersion: 0.29.0, moz:headless: false, moz:processID: 3115, moz:profile: /tmp/rust_mozprofile0X3mRx, moz:shutdownTimeout: 60000, moz:useNonSpecCompliantPointerOrigin: false, moz:webdriverClick: true, pageLoadStrategy: normal, platform: LINUX, platformName: LINUX, platformVersion: 4.4.0-1113-aws, rotatable: false, setWindowRect: true, strictFileInteractability: false, timeouts: {implicit: 0, pageLoad: 300000, script: 30000}, unhandledPromptBehavior: dismiss and notify}
Session ID: 9cd3bd24-0d09-4e19-afef-606999f52d52
at sun.reflect.NativeConstructorAccessorImpl.newInstance0(Native Method)
at sun.reflect.NativeConstructorAccessorImpl.newInstance(NativeConstructorAccessorImpl.java:62)
at sun.reflect.DelegatingConstructorAccessorImpl.newInstance(DelegatingConstructorAccessorImpl.java:45)
at java.lang.reflect.Constructor.newInstance(Constructor.java:423)
at org.openqa.selenium.remote.http.W3CHttpResponseCodec.createException(W3CHttpResponseCodec.java:187)
at org.openqa.selenium.remote.http.W3CHttpResponseCodec.decode(W3CHttpResponseCodec.java:122)
at org.openqa.selenium.remote.http.W3CHttpResponseCodec.decode(W3CHttpResponseCodec.java:49)
at org.openqa.selenium.remote.HttpCommandExecutor.execute(HttpCommandExecutor.java:158)
at org.openqa.selenium.remote.service.DriverCommandExecutor.execute(DriverCommandExecutor.java:83)
at org.openqa.selenium.remote.RemoteWebDriver.execute(RemoteWebDriver.java:552)
at org.openqa.selenium.remote.RemoteWebElement.execute(RemoteWebElement.java:285)
at org.openqa.selenium.remote.RemoteWebElement.sendKeys(RemoteWebElement.java:106)
at com.parallel.ParallelTests.TryFacebook2(ParallelTests.java:48)
at sun.reflect.NativeMethodAccessorImpl.invoke0(Native Method)
at sun.reflect.NativeMethodAccessorImpl.invoke(NativeMethodAccessorImpl.java:62)
at sun.reflect.DelegatingMethodAccessorImpl.invoke(DelegatingMethodAccessorImpl.java:43)
at java.lang.reflect.Method.invoke(Method.java:498)
at org.testng.internal.MethodInvocationHelper.invokeMethod(MethodInvocationHelper.java:132)
at org.testng.internal.TestInvoker.invokeMethod(TestInvoker.java:599)
at org.testng.internal.TestInvoker.invokeTestMethod(TestInvoker.java:174)
at org.testng.internal.MethodRunner.runInSequence(MethodRunner.java:46)
at org.testng.internal.TestInvoker$MethodInvocationAgent.invoke(TestInvoker.java:822)
at org.testng.internal.TestInvoker.invokeTestMethods(TestInvoker.java:147)
at org.testng.internal.TestMethodWorker.invokeTestMethods(TestMethodWorker.java:146)
at org.testng.internal.TestMethodWorker.run(TestMethodWorker.java:128)
at java.util.concurrent.ThreadPoolExecutor.runWorker(ThreadPoolExecutor.java:1149)
at java.util.concurrent.ThreadPoolExecutor$Worker.run(ThreadPoolExecutor.java:624)
at java.lang.Thread.run(Thread.java:748)
]]>
            </full-stacktrace>
          </exception> <!-- org.openqa.selenium.ElementNotInteractableException -->
          <reporter-output>
          </reporter-output>
        </test-method> <!-- TryFacebook2 -->
      </class> <!-- com.parallel.ParallelTests -->
    </test> <!-- Test -->
  </suite> <!-- Suite -->
</testng-results>
