<?xml version="1.0" encoding="UTF-8"?>
<testng-results skipped="0" failed="0" ignored="0" total="1" passed="1">
  <reporter-output>
  </reporter-output>
  <suite name="Default suite" duration-ms="55" started-at="2021-03-30T18:57:20 UTC" finished-at="2021-03-30T18:57:20 UTC">
    <groups>
    </groups>
    <test name="Default test" duration-ms="55" started-at="2021-03-30T18:57:20 UTC" finished-at="2021-03-30T18:57:20 UTC">
      <class name="test.AddIntegerNumbers">
        <test-method status="PASS" signature="additiontest()[pri:0, instance:test.AddIntegerNumbers@4f970963]" name="additiontest" duration-ms="11" started-at="2021-03-30T18:57:20 UTC" finished-at="2021-03-30T18:57:20 UTC">
          <reporter-output>
          </reporter-output>
        </test-method> <!-- additiontest -->
      </class> <!-- test.AddIntegerNumbers -->
    </test> <!-- Default test -->
  </suite> <!-- Default suite -->
</testng-results>
