<?xml version="1.0" encoding="UTF-8"?>
<testng-results skipped="0" failed="0" ignored="0" total="1" passed="1">
  <reporter-output>
  </reporter-output>
  <suite name="Suite" duration-ms="5789" started-at="2021-03-23T15:57:20Z" finished-at="2021-03-23T15:57:26Z">
    <groups>
    </groups>
    <test name="Test" duration-ms="5789" started-at="2021-03-23T15:57:20Z" finished-at="2021-03-23T15:57:26Z">
      <class name="tests.LoginTest">
        <test-method status="PASS" signature="Fetchdata()[pri:0, instance:tests.LoginTest@52f759d7]" name="Fetchdata" is-config="true" duration-ms="418" started-at="2021-03-23T15:57:20Z" finished-at="2021-03-23T15:57:20Z">
          <reporter-output>
          </reporter-output>
        </test-method> <!-- Fetchdata -->
        <test-method status="PASS" signature="setup()[pri:0, instance:tests.LoginTest@52f759d7]" name="setup" is-config="true" duration-ms="3857" started-at="2021-03-23T15:57:20Z" finished-at="2021-03-23T15:57:24Z">
          <reporter-output>
          </reporter-output>
        </test-method> <!-- setup -->
        <test-method status="PASS" signature="login()[pri:0, instance:tests.LoginTest@52f759d7]" name="login" duration-ms="1500" started-at="2021-03-23T15:57:24Z" finished-at="2021-03-23T15:57:26Z">
          <reporter-output>
          </reporter-output>
        </test-method> <!-- login -->
      </class> <!-- tests.LoginTest -->
    </test> <!-- Test -->
  </suite> <!-- Suite -->
</testng-results>
