<?xml version="1.0" encoding="UTF-8"?>
<testng-results skipped="0" failed="0" ignored="0" total="1" passed="1">
  <reporter-output>
  </reporter-output>
  <suite name="Default suite" duration-ms="6672" started-at="2021-03-23T11:03:53 UTC" finished-at="2021-03-23T11:04:00 UTC">
    <groups>
    </groups>
    <test name="Default test" duration-ms="6672" started-at="2021-03-23T11:03:53 UTC" finished-at="2021-03-23T11:04:00 UTC">
      <class name="tests.LoginTest">
        <test-method status="PASS" signature="Fetchdata()[pri:0, instance:tests.LoginTest@9660f4e]" name="Fetchdata" is-config="true" duration-ms="419" started-at="2021-03-23T11:03:53 UTC" finished-at="2021-03-23T11:03:54 UTC">
          <reporter-output>
          </reporter-output>
        </test-method> <!-- Fetchdata -->
        <test-method status="PASS" signature="setup()[pri:0, instance:tests.LoginTest@9660f4e]" name="setup" is-config="true" duration-ms="4563" started-at="2021-03-23T11:03:54 UTC" finished-at="2021-03-23T11:03:58 UTC">
          <reporter-output>
          </reporter-output>
        </test-method> <!-- setup -->
        <test-method status="PASS" signature="login()[pri:0, instance:tests.LoginTest@9660f4e]" name="login" duration-ms="1653" started-at="2021-03-23T11:03:58 UTC" finished-at="2021-03-23T11:04:00 UTC">
          <reporter-output>
          </reporter-output>
        </test-method> <!-- login -->
      </class> <!-- tests.LoginTest -->
    </test> <!-- Default test -->
  </suite> <!-- Default suite -->
</testng-results>
