<?xml version="1.0" encoding="UTF-8"?>
<testng-results skipped="0" failed="0" ignored="0" total="1" passed="1">
  <reporter-output>
  </reporter-output>
  <suite name="Default suite" duration-ms="65" started-at="2021-03-23T13:12:19 UTC" finished-at="2021-03-23T13:12:19 UTC">
    <groups>
    </groups>
    <test name="Default test" duration-ms="65" started-at="2021-03-23T13:12:19 UTC" finished-at="2021-03-23T13:12:19 UTC">
      <class name="tests.AntClass">
        <test-method status="PASS" signature="Test1()[pri:0, instance:tests.AntClass@4f970963]" name="Test1" duration-ms="29" started-at="2021-03-23T13:12:19 UTC" finished-at="2021-03-23T13:12:19 UTC">
          <reporter-output>
          </reporter-output>
        </test-method> <!-- Test1 -->
      </class> <!-- tests.AntClass -->
    </test> <!-- Default test -->
  </suite> <!-- Default suite -->
</testng-results>
