<?xml version="1.0" encoding="UTF-8"?>
<testng-results skipped="0" failed="0" total="1" passed="1">
  <reporter-output>
  </reporter-output>
  <suite name="Default suite" duration-ms="4683" started-at="2021-03-30T19:40:27Z" finished-at="2021-03-30T19:40:32Z">
    <groups>
    </groups>
    <test name="Default test" duration-ms="4683" started-at="2021-03-30T19:40:27Z" finished-at="2021-03-30T19:40:32Z">
      <class name="test.LoginTest">
        <test-method status="PASS" signature="testloginfunction()[pri:0, instance:test.LoginTest@289d1c02]" name="testloginfunction" duration-ms="4657" started-at="2021-03-30T19:40:27Z" finished-at="2021-03-30T19:40:32Z">
          <reporter-output>
          </reporter-output>
        </test-method> <!-- testloginfunction -->
      </class> <!-- test.LoginTest -->
    </test> <!-- Default test -->
  </suite> <!-- Default suite -->
</testng-results>
