<?xml version="1.0" encoding="UTF-8"?>
<testng-results skipped="0" failed="0" ignored="0" total="1" passed="1">
  <reporter-output>
  </reporter-output>
  <suite name="Default suite" duration-ms="3996" started-at="2021-03-23T12:14:31Z" finished-at="2021-03-23T12:14:35Z">
    <groups>
    </groups>
    <test name="Default test" duration-ms="3996" started-at="2021-03-23T12:14:31Z" finished-at="2021-03-23T12:14:35Z">
      <class name="test.LaunchBrowser">
        <test-method status="PASS" signature="lsetup()[pri:0, instance:test.LaunchBrowser@11758f2a]" name="lsetup" duration-ms="3953" started-at="2021-03-23T12:14:31Z" finished-at="2021-03-23T12:14:35Z">
          <reporter-output>
          </reporter-output>
        </test-method> <!-- lsetup -->
      </class> <!-- test.LaunchBrowser -->
    </test> <!-- Default test -->
  </suite> <!-- Default suite -->
</testng-results>
